Started at Thu Jul 29 12:36:27 EDT 2021
Processing Backend
Offering Backend to Project Build Discarder
Processing BackendPipeline
Offering BackendPipeline to Project Build Discarder
Finished at Thu Jul 29 12:36:27 EDT 2021. 2ms
Started at Thu Jul 29 13:36:27 EDT 2021
Processing Backend
Offering Backend to Project Build Discarder
Processing BackendPipeline
Offering BackendPipeline to Project Build Discarder
Finished at Thu Jul 29 13:36:27 EDT 2021. 3ms
Started at Thu Jul 29 14:36:27 EDT 2021
Processing Backend
Offering Backend to Project Build Discarder
Processing BackendPipeline
Offering BackendPipeline to Project Build Discarder
Finished at Thu Jul 29 14:36:27 EDT 2021. 8ms
Started at Thu Jul 29 15:36:27 EDT 2021
Processing Backend
Offering Backend to Project Build Discarder
Processing BackendPipeline
Offering BackendPipeline to Project Build Discarder
Finished at Thu Jul 29 15:36:27 EDT 2021. 1ms
Started at Thu Jul 29 16:36:28 EDT 2021
Processing Backend
Offering Backend to Project Build Discarder
Processing BackendPipeline
Offering BackendPipeline to Project Build Discarder
Finished at Thu Jul 29 16:36:28 EDT 2021. 5ms
Started at Thu Jul 29 19:48:26 EDT 2021
Processing Backend
Offering Backend to Project Build Discarder
Processing BackendPipeline
Offering BackendPipeline to Project Build Discarder
Finished at Thu Jul 29 19:48:29 EDT 2021. 2406ms
